[2021-02-14 17:22:23,850] - [biziday - news] - [INFO] - [
Autoritatile anunta ca Romania este a patra tara din UE in privinta dozelor de vaccin administrate, raportate la suta de locuitori. Tara ocupa locuri fruntase si la criterii precum numarul persoanelor vaccinate cu ambele doze sau media zilnica de doze administrate.
]

[2021-02-14 17:22:23,858] - [biziday - news] - [INFO] - [
Misiunea spatiala Hope a Emiratelor Arabe Unite a transmis prima fotografie cu planeta Marte.
]

[2021-02-14 17:22:23,860] - [biziday - news] - [INFO] - [
Coronavirus Romania. In ultimele 24 de ore, au fost depistate 1.872 de cazuri noi, din 14.620 de teste (12,8%), dintre care 2.798 teste rapide. In acest interval au decedat 41 de persoane. Sunt 964 de pacienti internati la ATI.
]

[2021-02-14 17:22:23,864] - [biziday - news] - [INFO] - [
Bloomberg. Marea Britanie si-a atins obiectivul propus de a vaccina aproape 22% din populatie (15 milioane de cetateni vulnerabili) impotriva coronavirusului, deschizand astfel calea ridicarii masurilor restrictive.
]

[2021-02-14 17:22:23,873] - [biziday - news] - [INFO] - [
SUA. Senatul l-a achitat pe Donald Trump pentru acuzarea de instigare la insurectie, dupa un proces care a durat doar cinci zile. Numai 6 republicani au votat condamnarea acestuia. Pentru a obtine o majoritate de 2/3 era nevoia de voturile a 17 republicani.
]

[2021-02-14 17:22:23,876] - [biziday - news] - [INFO] - [
Circulatie in conditii de iarna pe mai multe artere din judetele Bihor, Alba, Maramures, Satu Mare, Mures, Iasi si Suceava, unde ninge slab. In Botosani, restrictii de tonaj pe DN29, DN 29A si DN 24C.
]

[2021-02-14 17:22:23,886] - [biziday - news] - [INFO] - [
Afganistan. Cel putin 60 de persoane au fost ranite si sute de vehicule cu combustibil au explodat, in urma unui incendiu masiv la un post vamal, aproape de granita cu Iran.
]

[2021-02-14 17:22:23,890] - [biziday - news] - [INFO] - [
Sondaj Reuters/Ipsos. Peste 70% dintre americani considera ca fostul presedinte Donald Trump este “cel putin partial responsabil” pentru declansarea revoltei de la Capitoliu.
]

[2021-02-14 17:22:23,901] - [biziday - news] - [INFO] - [
Japonia. Cutremur puternic, cu magnitudinea 7,1 in zona prefecturii Fukushima. Autoritatile nu au emis alerta de tsunami, iar primele raportari arata ca NU sunt scurgeri de radiatii de la centrala nucleara.
]

[2021-02-14 17:22:23,913] - [biziday - news] - [INFO] - [
Wall Street Journal: Oficialii chinezi au refuzat sa transmita OMS date brute despre primele potentiale cazuri de coronavirus, care i-ar fi ajutat sa identifice detalii relevante. Lipsa lor face dificila identificarea modului in care a inceput pandemia.
]

[2021-02-14 17:22:23,917] - [biziday - news] - [INFO] - [
Autoritatile anunta ca peste un milion de persoane s-au programat pentru imunizarea cu vaccinurile anti-COVID. Cea mai varstnica persoana programata are 102 ani si 7 luni iar cea mai tanara 15 ani si 11 luni.
]

[2021-02-14 17:22:23,930] - [biziday - news] - [INFO] - [
Premierul Citu anunta, dupa o intalnire cu liderii europeni, ca in luna martie Romania va primi 2,4 milioane doze de vaccin: ”Din aprilie, lucrurile vor demara si mai rapid. Ramanem la obiectivul de la nivelul UE de a avea 70% din populatie vaccinata pana la sfarsitul verii”.
]

[2021-02-14 17:22:23,943] - [biziday - news] - [INFO] - [
Prim-ministrul Florin Citu: Ii anunt pe membrii cabinetului ca la jumatatea anului vom face o evaluare cu mandatele pe masa. Ma astept la eficienta. Sa faci reforme implica un cost politic. Eu mi-l asum.
]

[2021-02-14 17:22:23,956] - [biziday - news] - [INFO] - [
Coronavirus Romania. In ultimele 24 de ore, au fost depistate 2.415 de cazuri noi, din 28.572 de teste (8,4%), dintre care 6.723 teste rapide. In acest interval au decedat 48 de persoane. Sunt 969 de pacienti internati la ATI.
]

[2021-02-14 17:22:23,966] - [biziday - news] - [INFO] - [
Botosani. UPDATE: Au fost redeschise circulatiei, cu restrictii de tonaj, segmentele din DN 29 si DN 29A, inchise dimineata din cauza vremii. Ramane inchis un segment din DN 24C.
]

[2021-02-14 17:22:23,970] - [biziday - news] - [INFO] - [
Astazi va ajunge in tara a noua transa de vaccin anti-Covid Pfizer/BioNTech, compusa din aproape 200 de mii de doze. Repartizarea dozelor pe centre zonale.
]

[2021-02-14 17:22:23,983] - [biziday - news] - [INFO] - [
SUA. A patra zi a procesului lui Donald Trump. Apararea si-a prezentat argumentele in putin peste trei ore, desi avea la dispozitie 16. Avocatii sustin ca “Trump si-a exercitat dreptul la libera exprimare cand a spus ca alegerile au fost fraudate”.
]

[2021-02-14 17:22:23,994] - [biziday - news] - [INFO] - [
Maramures. Trafic feroviar oprit pe magistrala 400, dupa ce un tren de pe ruta Cluj-Napoca-Baia Mare a ramas oprit in linie curenta in halta Fersig.
]

[2021-02-14 17:22:23,997] - [biziday - news] - [INFO] - [
Cluj-Napoca. Restaurantele, cafenelele si cinematografele se inchid din nou din 14 februarie, la doar cateva zile dupa ce au fost redeschise. Municipiul a depasit rata de incidenta de trei cazuri de coronavirus la mia de locuitori.
]

[2021-02-14 17:22:24,008] - [biziday - news] - [INFO] - [
Analiza. Pandemia a provocat un exod urban in Europa si SUA. Autoritatile s-au orientat spre amenajarea ”mai prietenoasa” a oraselor, in timp ce expertii in urbanism insista pentru ”dezvoltarea urbelor pe module mai mici”.
]

[2021-02-14 17:22:55,044] - [biziday - news] - [INFO] - [

Autoritatile anunta ca Romania este a patra tara din UE in privinta dozelor de vaccin administrate, raportate la suta de locuitori. Tara ocupa locuri fruntase si la criterii precum numarul persoanelor vaccinate cu ambele doze sau media zilnica de doze administrate.

]

[2021-02-14 17:22:55,044] - [biziday - news] - [INFO] - [

Misiunea spatiala Hope a Emiratelor Arabe Unite a transmis prima fotografie cu planeta Marte.

]

[2021-02-14 17:22:55,045] - [biziday - news] - [INFO] - [

Coronavirus Romania. In ultimele 24 de ore, au fost depistate 1.872 de cazuri noi, din 14.620 de teste (12,8%), dintre care 2.798 teste rapide. In acest interval au decedat 41 de persoane. Sunt 964 de pacienti internati la ATI.

]

[2021-02-14 17:22:55,060] - [biziday - news] - [INFO] - [

Bloomberg. Marea Britanie si-a atins obiectivul propus de a vaccina aproape 22% din populatie (15 milioane de cetateni vulnerabili) impotriva coronavirusului, deschizand astfel calea ridicarii masurilor restrictive.

]

[2021-02-14 17:22:55,101] - [biziday - news] - [INFO] - [

SUA. Senatul l-a achitat pe Donald Trump pentru acuzarea de instigare la insurectie, dupa un proces care a durat doar cinci zile. Numai 6 republicani au votat condamnarea acestuia. Pentru a obtine o majoritate de 2/3 era nevoia de voturile a 17 republicani.

]

[2021-02-14 17:22:55,140] - [biziday - news] - [INFO] - [

Circulatie in conditii de iarna pe mai multe artere din judetele Bihor, Alba, Maramures, Satu Mare, Mures, Iasi si Suceava, unde ninge slab. In Botosani, restrictii de tonaj pe DN29, DN 29A si DN 24C.

]

[2021-02-14 17:22:55,165] - [biziday - news] - [INFO] - [

Afganistan. Cel putin 60 de persoane au fost ranite si sute de vehicule cu combustibil au explodat, in urma unui incendiu masiv la un post vamal, aproape de granita cu Iran.

]

[2021-02-14 17:22:55,169] - [biziday - news] - [INFO] - [

Sondaj Reuters/Ipsos. Peste 70% dintre americani considera ca fostul presedinte Donald Trump este “cel putin partial responsabil” pentru declansarea revoltei de la Capitoliu.

]

[2021-02-14 17:22:55,209] - [biziday - news] - [INFO] - [

Japonia. Cutremur puternic, cu magnitudinea 7,1 in zona prefecturii Fukushima. Autoritatile nu au emis alerta de tsunami, iar primele raportari arata ca NU sunt scurgeri de radiatii de la centrala nucleara.

]

[2021-02-14 17:22:55,232] - [biziday - news] - [INFO] - [

Wall Street Journal: Oficialii chinezi au refuzat sa transmita OMS date brute despre primele potentiale cazuri de coronavirus, care i-ar fi ajutat sa identifice detalii relevante. Lipsa lor face dificila identificarea modului in care a inceput pandemia.

]

[2021-02-14 17:22:55,246] - [biziday - news] - [INFO] - [

Autoritatile anunta ca peste un milion de persoane s-au programat pentru imunizarea cu vaccinurile anti-COVID. Cea mai varstnica persoana programata are 102 ani si 7 luni iar cea mai tanara 15 ani si 11 luni.

]

[2021-02-14 17:22:55,258] - [biziday - news] - [INFO] - [

Premierul Citu anunta, dupa o intalnire cu liderii europeni, ca in luna martie Romania va primi 2,4 milioane doze de vaccin: ”Din aprilie, lucrurile vor demara si mai rapid. Ramanem la obiectivul de la nivelul UE de a avea 70% din populatie vaccinata pana la sfarsitul verii”.

]

[2021-02-14 17:22:55,277] - [biziday - news] - [INFO] - [

Prim-ministrul Florin Citu: Ii anunt pe membrii cabinetului ca la jumatatea anului vom face o evaluare cu mandatele pe masa. Ma astept la eficienta. Sa faci reforme implica un cost politic. Eu mi-l asum.

]

[2021-02-14 17:22:55,283] - [biziday - news] - [INFO] - [

Coronavirus Romania. In ultimele 24 de ore, au fost depistate 2.415 de cazuri noi, din 28.572 de teste (8,4%), dintre care 6.723 teste rapide. In acest interval au decedat 48 de persoane. Sunt 969 de pacienti internati la ATI.

]

[2021-02-14 17:22:55,286] - [biziday - news] - [INFO] - [

Botosani. UPDATE: Au fost redeschise circulatiei, cu restrictii de tonaj, segmentele din DN 29 si DN 29A, inchise dimineata din cauza vremii. Ramane inchis un segment din DN 24C.

]

[2021-02-14 17:22:55,289] - [biziday - news] - [INFO] - [

Astazi va ajunge in tara a noua transa de vaccin anti-Covid Pfizer/BioNTech, compusa din aproape 200 de mii de doze. Repartizarea dozelor pe centre zonale.

]

[2021-02-14 17:22:55,312] - [biziday - news] - [INFO] - [

SUA. A patra zi a procesului lui Donald Trump. Apararea si-a prezentat argumentele in putin peste trei ore, desi avea la dispozitie 16. Avocatii sustin ca “Trump si-a exercitat dreptul la libera exprimare cand a spus ca alegerile au fost fraudate”.

]

[2021-02-14 17:22:55,328] - [biziday - news] - [INFO] - [

Maramures. Trafic feroviar oprit pe magistrala 400, dupa ce un tren de pe ruta Cluj-Napoca-Baia Mare a ramas oprit in linie curenta in halta Fersig.

]

[2021-02-14 17:22:55,356] - [biziday - news] - [INFO] - [

Cluj-Napoca. Restaurantele, cafenelele si cinematografele se inchid din nou din 14 februarie, la doar cateva zile dupa ce au fost redeschise. Municipiul a depasit rata de incidenta de trei cazuri de coronavirus la mia de locuitori.

]

[2021-02-14 17:22:55,380] - [biziday - news] - [INFO] - [

Analiza. Pandemia a provocat un exod urban in Europa si SUA. Autoritatile s-au orientat spre amenajarea ”mai prietenoasa” a oraselor, in timp ce expertii in urbanism insista pentru ”dezvoltarea urbelor pe module mai mici”.

]

[2021-02-14 17:23:15,488] - [biziday - news] - [INFO] - [
Autoritatile anunta ca Romania este a patra tara din UE in privinta dozelor de vaccin administrate, raportate la suta de locuitori. Tara ocupa locuri fruntase si la criterii precum numarul persoanelor vaccinate cu ambele doze sau media zilnica de doze administrate.
]

[2021-02-14 17:23:15,494] - [biziday - news] - [INFO] - [
Misiunea spatiala Hope a Emiratelor Arabe Unite a transmis prima fotografie cu planeta Marte.
]

[2021-02-14 17:23:15,504] - [biziday - news] - [INFO] - [
Coronavirus Romania. In ultimele 24 de ore, au fost depistate 1.872 de cazuri noi, din 14.620 de teste (12,8%), dintre care 2.798 teste rapide. In acest interval au decedat 41 de persoane. Sunt 964 de pacienti internati la ATI.
]

[2021-02-14 17:23:15,510] - [biziday - news] - [INFO] - [
Bloomberg. Marea Britanie si-a atins obiectivul propus de a vaccina aproape 22% din populatie (15 milioane de cetateni vulnerabili) impotriva coronavirusului, deschizand astfel calea ridicarii masurilor restrictive.
]

[2021-02-14 17:23:15,549] - [biziday - news] - [INFO] - [
SUA. Senatul l-a achitat pe Donald Trump pentru acuzarea de instigare la insurectie, dupa un proces care a durat doar cinci zile. Numai 6 republicani au votat condamnarea acestuia. Pentru a obtine o majoritate de 2/3 era nevoia de voturile a 17 republicani.
]

[2021-02-14 17:23:15,562] - [biziday - news] - [INFO] - [
Circulatie in conditii de iarna pe mai multe artere din judetele Bihor, Alba, Maramures, Satu Mare, Mures, Iasi si Suceava, unde ninge slab. In Botosani, restrictii de tonaj pe DN29, DN 29A si DN 24C.
]

[2021-02-14 17:23:15,571] - [biziday - news] - [INFO] - [
Afganistan. Cel putin 60 de persoane au fost ranite si sute de vehicule cu combustibil au explodat, in urma unui incendiu masiv la un post vamal, aproape de granita cu Iran.
]

[2021-02-14 17:23:15,575] - [biziday - news] - [INFO] - [
Sondaj Reuters/Ipsos. Peste 70% dintre americani considera ca fostul presedinte Donald Trump este “cel putin partial responsabil” pentru declansarea revoltei de la Capitoliu.
]

[2021-02-14 17:23:15,584] - [biziday - news] - [INFO] - [
Japonia. Cutremur puternic, cu magnitudinea 7,1 in zona prefecturii Fukushima. Autoritatile nu au emis alerta de tsunami, iar primele raportari arata ca NU sunt scurgeri de radiatii de la centrala nucleara.
]

[2021-02-14 17:23:15,587] - [biziday - news] - [INFO] - [
Wall Street Journal: Oficialii chinezi au refuzat sa transmita OMS date brute despre primele potentiale cazuri de coronavirus, care i-ar fi ajutat sa identifice detalii relevante. Lipsa lor face dificila identificarea modului in care a inceput pandemia.
]

[2021-02-14 17:23:15,598] - [biziday - news] - [INFO] - [
Autoritatile anunta ca peste un milion de persoane s-au programat pentru imunizarea cu vaccinurile anti-COVID. Cea mai varstnica persoana programata are 102 ani si 7 luni iar cea mai tanara 15 ani si 11 luni.
]

[2021-02-14 17:23:15,602] - [biziday - news] - [INFO] - [
Premierul Citu anunta, dupa o intalnire cu liderii europeni, ca in luna martie Romania va primi 2,4 milioane doze de vaccin: ”Din aprilie, lucrurile vor demara si mai rapid. Ramanem la obiectivul de la nivelul UE de a avea 70% din populatie vaccinata pana la sfarsitul verii”.
]

[2021-02-14 17:23:15,614] - [biziday - news] - [INFO] - [
Prim-ministrul Florin Citu: Ii anunt pe membrii cabinetului ca la jumatatea anului vom face o evaluare cu mandatele pe masa. Ma astept la eficienta. Sa faci reforme implica un cost politic. Eu mi-l asum.
]

[2021-02-14 17:23:15,626] - [biziday - news] - [INFO] - [
Coronavirus Romania. In ultimele 24 de ore, au fost depistate 2.415 de cazuri noi, din 28.572 de teste (8,4%), dintre care 6.723 teste rapide. In acest interval au decedat 48 de persoane. Sunt 969 de pacienti internati la ATI.
]

[2021-02-14 17:23:15,630] - [biziday - news] - [INFO] - [
Botosani. UPDATE: Au fost redeschise circulatiei, cu restrictii de tonaj, segmentele din DN 29 si DN 29A, inchise dimineata din cauza vremii. Ramane inchis un segment din DN 24C.
]

[2021-02-14 17:23:15,641] - [biziday - news] - [INFO] - [
Astazi va ajunge in tara a noua transa de vaccin anti-Covid Pfizer/BioNTech, compusa din aproape 200 de mii de doze. Repartizarea dozelor pe centre zonale.
]

[2021-02-14 17:23:15,643] - [biziday - news] - [INFO] - [
SUA. A patra zi a procesului lui Donald Trump. Apararea si-a prezentat argumentele in putin peste trei ore, desi avea la dispozitie 16. Avocatii sustin ca “Trump si-a exercitat dreptul la libera exprimare cand a spus ca alegerile au fost fraudate”.
]

[2021-02-14 17:23:15,681] - [biziday - news] - [INFO] - [
Maramures. Trafic feroviar oprit pe magistrala 400, dupa ce un tren de pe ruta Cluj-Napoca-Baia Mare a ramas oprit in linie curenta in halta Fersig.
]

[2021-02-14 17:23:15,690] - [biziday - news] - [INFO] - [
Cluj-Napoca. Restaurantele, cafenelele si cinematografele se inchid din nou din 14 februarie, la doar cateva zile dupa ce au fost redeschise. Municipiul a depasit rata de incidenta de trei cazuri de coronavirus la mia de locuitori.
]

[2021-02-14 17:23:15,697] - [biziday - news] - [INFO] - [
Analiza. Pandemia a provocat un exod urban in Europa si SUA. Autoritatile s-au orientat spre amenajarea ”mai prietenoasa” a oraselor, in timp ce expertii in urbanism insista pentru ”dezvoltarea urbelor pe module mai mici”.
]

[2021-02-14 17:24:50,717] - [biziday - news] - [INFO] - [
Autoritatile anunta ca Romania este a patra tara din UE in privinta dozelor de vaccin administrate, raportate la suta de locuitori. Tara ocupa locuri fruntase si la criterii precum numarul persoanelor vaccinate cu ambele doze sau media zilnica de doze administrate.
]

[2021-02-14 17:24:50,727] - [biziday - news] - [INFO] - [
Misiunea spatiala Hope a Emiratelor Arabe Unite a transmis prima fotografie cu planeta Marte.
]

[2021-02-14 17:24:50,729] - [biziday - news] - [INFO] - [
Coronavirus Romania. In ultimele 24 de ore, au fost depistate 1.872 de cazuri noi, din 14.620 de teste (12,8%), dintre care 2.798 teste rapide. In acest interval au decedat 41 de persoane. Sunt 964 de pacienti internati la ATI.
]

[2021-02-14 17:24:50,738] - [biziday - news] - [INFO] - [
Bloomberg. Marea Britanie si-a atins obiectivul propus de a vaccina aproape 22% din populatie (15 milioane de cetateni vulnerabili) impotriva coronavirusului, deschizand astfel calea ridicarii masurilor restrictive.
]

[2021-02-14 17:24:50,742] - [biziday - news] - [INFO] - [
SUA. Senatul l-a achitat pe Donald Trump pentru acuzarea de instigare la insurectie, dupa un proces care a durat doar cinci zile. Numai 6 republicani au votat condamnarea acestuia. Pentru a obtine o majoritate de 2/3 era nevoia de voturile a 17 republicani.
]

[2021-02-14 17:24:50,752] - [biziday - news] - [INFO] - [
Circulatie in conditii de iarna pe mai multe artere din judetele Bihor, Alba, Maramures, Satu Mare, Mures, Iasi si Suceava, unde ninge slab. In Botosani, restrictii de tonaj pe DN29, DN 29A si DN 24C.
]

[2021-02-14 17:24:50,757] - [biziday - news] - [INFO] - [
Afganistan. Cel putin 60 de persoane au fost ranite si sute de vehicule cu combustibil au explodat, in urma unui incendiu masiv la un post vamal, aproape de granita cu Iran.
]

[2021-02-14 17:24:50,769] - [biziday - news] - [INFO] - [
Sondaj Reuters/Ipsos. Peste 70% dintre americani considera ca fostul presedinte Donald Trump este “cel putin partial responsabil” pentru declansarea revoltei de la Capitoliu.
]

[2021-02-14 17:24:50,781] - [biziday - news] - [INFO] - [
Japonia. Cutremur puternic, cu magnitudinea 7,1 in zona prefecturii Fukushima. Autoritatile nu au emis alerta de tsunami, iar primele raportari arata ca NU sunt scurgeri de radiatii de la centrala nucleara.
]

[2021-02-14 17:24:50,796] - [biziday - news] - [INFO] - [
Wall Street Journal: Oficialii chinezi au refuzat sa transmita OMS date brute despre primele potentiale cazuri de coronavirus, care i-ar fi ajutat sa identifice detalii relevante. Lipsa lor face dificila identificarea modului in care a inceput pandemia.
]

[2021-02-14 17:24:50,809] - [biziday - news] - [INFO] - [
Autoritatile anunta ca peste un milion de persoane s-au programat pentru imunizarea cu vaccinurile anti-COVID. Cea mai varstnica persoana programata are 102 ani si 7 luni iar cea mai tanara 15 ani si 11 luni.
]

[2021-02-14 17:24:50,819] - [biziday - news] - [INFO] - [
Premierul Citu anunta, dupa o intalnire cu liderii europeni, ca in luna martie Romania va primi 2,4 milioane doze de vaccin: ”Din aprilie, lucrurile vor demara si mai rapid. Ramanem la obiectivul de la nivelul UE de a avea 70% din populatie vaccinata pana la sfarsitul verii”.
]

[2021-02-14 17:24:50,823] - [biziday - news] - [INFO] - [
Prim-ministrul Florin Citu: Ii anunt pe membrii cabinetului ca la jumatatea anului vom face o evaluare cu mandatele pe masa. Ma astept la eficienta. Sa faci reforme implica un cost politic. Eu mi-l asum.
]

[2021-02-14 17:24:50,832] - [biziday - news] - [INFO] - [
Coronavirus Romania. In ultimele 24 de ore, au fost depistate 2.415 de cazuri noi, din 28.572 de teste (8,4%), dintre care 6.723 teste rapide. In acest interval au decedat 48 de persoane. Sunt 969 de pacienti internati la ATI.
]

[2021-02-14 17:24:50,836] - [biziday - news] - [INFO] - [
Botosani. UPDATE: Au fost redeschise circulatiei, cu restrictii de tonaj, segmentele din DN 29 si DN 29A, inchise dimineata din cauza vremii. Ramane inchis un segment din DN 24C.
]

[2021-02-14 17:24:50,844] - [biziday - news] - [INFO] - [
Astazi va ajunge in tara a noua transa de vaccin anti-Covid Pfizer/BioNTech, compusa din aproape 200 de mii de doze. Repartizarea dozelor pe centre zonale.
]

[2021-02-14 17:24:50,849] - [biziday - news] - [INFO] - [
SUA. A patra zi a procesului lui Donald Trump. Apararea si-a prezentat argumentele in putin peste trei ore, desi avea la dispozitie 16. Avocatii sustin ca “Trump si-a exercitat dreptul la libera exprimare cand a spus ca alegerile au fost fraudate”.
]

[2021-02-14 17:24:50,860] - [biziday - news] - [INFO] - [
Maramures. Trafic feroviar oprit pe magistrala 400, dupa ce un tren de pe ruta Cluj-Napoca-Baia Mare a ramas oprit in linie curenta in halta Fersig.
]

[2021-02-14 17:24:50,865] - [biziday - news] - [INFO] - [
Cluj-Napoca. Restaurantele, cafenelele si cinematografele se inchid din nou din 14 februarie, la doar cateva zile dupa ce au fost redeschise. Municipiul a depasit rata de incidenta de trei cazuri de coronavirus la mia de locuitori.
]

[2021-02-14 17:24:50,878] - [biziday - news] - [INFO] - [
Analiza. Pandemia a provocat un exod urban in Europa si SUA. Autoritatile s-au orientat spre amenajarea ”mai prietenoasa” a oraselor, in timp ce expertii in urbanism insista pentru ”dezvoltarea urbelor pe module mai mici”.
]

[2021-03-07 18:29:46,095] - [biziday - news] - [INFO] - [
Masinile electrice inmatriculate de la 20 martie vor trebui sa aiba ”o eticheta” a caracteristicilor de incarcare, care corespunde unui anumit tip de statii de incarcare. Scopul este identificarea rapida a statiilor dedicate.
]

[2021-03-07 18:29:46,097] - [biziday - news] - [INFO] - [
Maine soseste in Romania o noua transa de vaccin de la Pfizer/BioNTech, care consta in 224.640 doze. Vaccinurile vor fi livrate pe cale aeriana, pe aeroporturile din Otopeni, Cluj-Napoca si Timisoara.
]

[2021-03-07 18:29:46,100] - [biziday - news] - [INFO] - [
Florin Citu: Vom deschide in curand si etapa a treia de vaccinare, astfel incat, oricine isi doreste sa se protejeze de Covid-19, sa poata sa o faca prin vaccinare. Putem reveni la viata de dinainte daca atingem imunitatea colectiva de 70%.
]

[2021-03-07 18:29:46,102] - [biziday - news] - [INFO] - [
Coronavirus Romania. In ultimele 24 de ore, au fost depistate 3.288 de cazuri noi, din 18.175 de teste (18,1%), dintre care 5.096 de teste rapide. In acest interval au decedat 46 de persoane. La ATI sunt internati 1.093 de pacienti.
]

[2021-03-07 18:29:46,105] - [biziday - news] - [INFO] - [
Eurostat. Romania are cel mai scazut procent de cetateni care obtin informatii de pe site-urile autoritatilor publice. Doar 10% dintre romani cauta informatii pe site-urile oficiale, comparativ cu 47%, media la nivelul UE.
]

[2021-03-07 18:29:46,107] - [biziday - news] - [INFO] - [
Noi restrictii in Bucuresti, dupa ce Capitala a reintrat in scenariul rosu. Restaurantele se inchid la interior, salile de jocuri de noroc, cinematografele, salile de spectacole si concerte, cluburile, barurile si discotecile isi suspenda activitatea, incepand de la miezul noptii.
]

[2021-03-07 18:29:46,109] - [biziday - news] - [INFO] - [
Un inspector al DSP Gorj a murit in timpul transferului la un spital din Bucuresti, fiind infectat cu coronavirus, dupa ce ventilatorul din ambulanta care il transporta s-a defectat.
]

[2021-03-07 18:29:46,112] - [biziday - news] - [INFO] - [
Exporturile Chinei au crescut cu peste 60% in primele doua luni ale anului, sustinute de cererea pentru produse electronice, textile si echipamente medicale.
]

[2021-03-07 18:29:46,114] - [biziday - news] - [INFO] - [
Ministerul Educatiei: Elevii din anii terminali vor merge la scoala si in scenariul rosu, dar in sistem mixt (jumatate in clasa, jumatate online).
]

[2021-03-07 18:29:46,116] - [biziday - news] - [INFO] - [
Analiza CNN. China a construit mai multe nave intr-un an de pace (2019) decat SUA in patru ani de razboi (1941-1945) si a ajuns sa detina cea mai mare flota din lume.
]

[2021-03-07 18:29:46,119] - [biziday - news] - [INFO] - [
Suceava. Update: Incendiul care a cuprins cladirea Consiliului Judetean a fost lichidat, dupa mai multe ore. Acoperisul a ars in intregime.
]

[2021-03-07 18:29:46,121] - [biziday - news] - [INFO] - [
Timis. Autoritatile au decis carantinarea municipiului Timisoara si a comunelor Mosnita Noua, Ghiroda, Giroc si Dumbravita, incepand cu data de 8 martie, ora 00:00.
]

[2021-03-07 18:29:46,124] - [biziday - news] - [INFO] - [
Coronavirus Romania. In ultimele 24 de ore, au fost depistate 4.064 de cazuri noi, din 33.795 de teste (12%), dintre care 8.604 de teste rapide. In acest interval au decedat 69 de persoane. La ATI sunt internati 1.070 de pacienti.
]

[2021-03-07 18:29:46,126] - [biziday - news] - [INFO] - [
New York. Legislativul local a votat pentru abrogarea puterilor extinse ale guvernatorului, prin care putea emite decrete unilaterale, in contextul controlarii pandemiei. Votul, dupa ce echipa sa a manipulat un raport privind decesele provocate de coronavirus.
]

[2021-03-07 18:29:46,128] - [biziday - news] - [INFO] - [
Ungaria. Autoritatile au depistat 7.269 de cazuri noi de coronavirus, in ultimele 24 de ore, cele mai multe de la inceputul pandemiei. 146 de persoane au decedat, iar 751 sunt internate la terapie intensiva.
]

[2021-03-07 18:29:46,131] - [biziday - news] - [INFO] - [
Directorul OMS a declarat ca pandemia de coronavirus a provocat ”o trauma in masa la scara mai mare decat trauma care a urmat celui de-al Doilea Razboi Mondial. Impactul asupra sanatatii mintale va dura multi ani de acum incolo”.
]

[2021-03-07 18:29:46,132] - [biziday - news] - [INFO] - [
SUA. Capitanul unui avion Boeing 737 MAX care zbura din Miami catre New Jersey a oprit un motor suspectand o problema mecanica. A aterizat in siguranta, iar niciunul dintre pasageri nu a fost ranit.
]

[2021-03-07 18:29:46,134] - [biziday - news] - [INFO] - [
Franta. Activistii Greenpeace au vopsit cu verde un avion de pe aeroportul Charles de Gaulle, in semn de protest fata de raspunsul tarii la criza climatica.
]

[2021-03-07 18:29:46,135] - [biziday - news] - [INFO] - [
SUA. Echipa guvernatorului statului New York a manipulat cifrele din raportul privind decesele COVID-19 in azilurile de batrani. In realitate, numarul era cu 50% mai mare.
]

[2021-03-07 18:29:46,137] - [biziday - news] - [INFO] - [
Comitetul National pentru Situatii de Urgenta a decis ca elevii din anii terminali (clasele a VIII-a si a XII-a) pot merge la scoala in format fizic in localitatile aflate in scenariul rosu, daca rata de incidenta nu depaseste sase cazuri la mia de locuitori.
]

