[ 27.03.2021-11:42:21.0479 - history.py - INFO ]
all projects json read from:
D:\Alexzander__\programming\python\Python2Executable\projects_history\all_projects.json

[ 27.03.2021-11:42:21.0480 - history.py - INFO ]
last project json read from:
D:\Alexzander__\programming\python\Python2Executable\projects_history\last_project.json

[ 27.03.2021-11:42:21.0481 - history.py - INFO ]
all projects list with:
ProjectSpecs objects
created

[ 27.03.2021-11:42:21.0485 - transfer.py - INFO ]
shortcuts remote location:
D:\Alexzander__\PythonApplicationsShortcuts

[ 27.03.2021-11:42:21.0487 - transfer.py - INFO ]
exe ignore:
build
	dist
	__pycache__
	*.spec
	.idea
	.vscode

[ 27.03.2021-11:42:21.0491 - nsis.py - INFO ]
nsis script template created

[ 27.03.2021-11:42:21.0493 - Python2Executable - INFO ]
logger_Python2Executable has format style:
%d.%m.%Y-%H:%M:%S

[ 27.03.2021-11:42:25.0821 - build.py - INFO ]
current working dir:
D:\Alexzander__\programming\python\Python2Executable
(Python2Executable project)

[ 27.03.2021-11:42:25.0823 - build.py - INFO ]
project folder path:
D:\Alexzander__\programming\python\FaceCamLog

[ 27.03.2021-11:42:25.0825 - build.py - INFO ]
project folder name:
FaceCamLog

[ 27.03.2021-11:42:25.0826 - build.py - INFO ]
file name:
main.py
path:
D:\Alexzander__\programming\python\FaceCamLog

[ 27.03.2021-11:42:25.0827 - build.py - INFO ]
in function:
PyinstallerScript()
param @file:
D:\Alexzander__\programming\python\FaceCamLog\main.py
is a python file

[ 27.03.2021-11:42:25.0829 - build.py - INFO ]
icon for project doesnt exist. aborted.

[ 27.03.2021-11:42:25.0830 - Python2Executable - ERROR ]
exception!!!!!!!!!
Traceback (most recent call last):
  File ".\_Python2Executable.py", line 178, in Python2Executable
    auto
  File ".\_Python2Executable.py", line 68, in ProjectBuild
    PyinstallerScript(python_file, project_folder, project_name)
  File "D:\Alexzander__\programming\python\Python2Executable\build.py", line 83, in PyinstallerScript
    raise core.exceptions.NotFoundError(f"icon: {icon_file_path} doesnt exist!")
core.exceptions.NotFoundError: icon: D:\Alexzander__\programming\python\FaceCamLog\icons\exec.ico doesnt exist!
